<?xml version="1.0" encoding="UTF-8"?>
<coverage generated="1771172340242" clover="3.2.0">
  <project timestamp="1771172340242" name="All files">
    <metrics statements="303" coveredstatements="177" conditionals="72" coveredconditionals="40" methods="41" coveredmethods="19" elements="416" coveredelements="236" complexity="0" loc="303" ncloc="303" packages="1" files="3" classes="3"/>
    <file name="calendar.js" path="/Users/stephentyrrell/Documents/Code/office-tracker/calendar.js">
      <metrics statements="51" coveredstatements="51" conditionals="8" coveredconditionals="8" methods="8" coveredmethods="8"/>
      <line num="6" count="129" type="stmt"/>
      <line num="7" count="129" type="stmt"/>
      <line num="8" count="129" type="stmt"/>
      <line num="9" count="129" type="stmt"/>
      <line num="10" count="129" type="stmt"/>
      <line num="11" count="129" type="stmt"/>
      <line num="12" count="129" type="stmt"/>
      <line num="13" count="129" type="stmt"/>
      <line num="14" count="129" type="stmt"/>
      <line num="15" count="129" type="stmt"/>
      <line num="16" count="129" type="stmt"/>
      <line num="17" count="129" type="stmt"/>
      <line num="18" count="129" type="stmt"/>
      <line num="19" count="129" type="stmt"/>
      <line num="20" count="129" type="stmt"/>
      <line num="24" count="129" type="stmt"/>
      <line num="27" count="129" type="stmt"/>
      <line num="28" count="129" type="stmt"/>
      <line num="29" count="129" type="stmt"/>
      <line num="30" count="129" type="stmt"/>
      <line num="33" count="129" type="stmt"/>
      <line num="34" count="129" type="stmt"/>
      <line num="35" count="129" type="stmt"/>
      <line num="36" count="129" type="stmt"/>
      <line num="39" count="129" type="stmt"/>
      <line num="40" count="129" type="stmt"/>
      <line num="41" count="129" type="stmt"/>
      <line num="42" count="129" type="stmt"/>
      <line num="43" count="129" type="stmt"/>
      <line num="45" count="129" type="stmt"/>
      <line num="50" count="645" type="stmt"/>
      <line num="51" count="645" type="stmt"/>
      <line num="52" count="645" type="stmt"/>
      <line num="53" count="645" type="cond" truecount="2" falsecount="0"/>
      <line num="54" count="645" type="stmt"/>
      <line num="55" count="645" type="stmt"/>
      <line num="59" count="3273" type="stmt"/>
      <line num="60" count="3273" type="cond" truecount="2" falsecount="0"/>
      <line num="64" count="2344" type="stmt"/>
      <line num="65" count="22935" type="stmt"/>
      <line num="69" count="106" type="stmt"/>
      <line num="70" count="106" type="stmt"/>
      <line num="72" count="106" type="stmt"/>
      <line num="73" count="106" type="stmt"/>
      <line num="75" count="106" type="stmt"/>
      <line num="76" count="3224" type="stmt"/>
      <line num="77" count="3224" type="cond" truecount="4" falsecount="0"/>
      <line num="78" count="2225" type="stmt"/>
      <line num="82" count="106" type="stmt"/>
      <line num="86" count="230" type="stmt"/>
      <line num="89" count="3" type="stmt"/>
    </file>
    <file name="database.js" path="/Users/stephentyrrell/Documents/Code/office-tracker/database.js">
      <metrics statements="16" coveredstatements="6" conditionals="4" coveredconditionals="4" methods="1" coveredmethods="0"/>
      <line num="1" count="4" type="stmt"/>
      <line num="3" count="4" type="stmt"/>
      <line num="5" count="4" type="cond" truecount="2" falsecount="0"/>
      <line num="6" count="1" type="stmt"/>
      <line num="9" count="3" type="stmt"/>
      <line num="15" count="0" type="stmt"/>
      <line num="25" count="0" type="stmt"/>
      <line num="35" count="0" type="stmt"/>
      <line num="45" count="0" type="stmt"/>
      <line num="55" count="0" type="stmt"/>
      <line num="56" count="0" type="stmt"/>
      <line num="57" count="0" type="stmt"/>
      <line num="58" count="0" type="stmt"/>
      <line num="59" count="0" type="stmt"/>
      <line num="61" count="0" type="stmt"/>
      <line num="64" count="3" type="stmt"/>
    </file>
    <file name="server.js" path="/Users/stephentyrrell/Documents/Code/office-tracker/server.js">
      <metrics statements="236" coveredstatements="120" conditionals="60" coveredconditionals="28" methods="32" coveredmethods="11"/>
      <line num="1" count="1" type="stmt"/>
      <line num="2" count="1" type="stmt"/>
      <line num="3" count="1" type="stmt"/>
      <line num="4" count="1" type="stmt"/>
      <line num="5" count="1" type="stmt"/>
      <line num="6" count="1" type="stmt"/>
      <line num="7" count="1" type="stmt"/>
      <line num="8" count="1" type="stmt"/>
      <line num="9" count="1" type="stmt"/>
      <line num="10" count="1" type="stmt"/>
      <line num="11" count="1" type="stmt"/>
      <line num="12" count="1" type="stmt"/>
      <line num="13" count="1" type="stmt"/>
      <line num="14" count="1" type="stmt"/>
      <line num="16" count="1" type="stmt"/>
      <line num="17" count="1" type="cond" truecount="1" falsecount="1"/>
      <line num="19" count="1" type="cond" truecount="1" falsecount="1"/>
      <line num="20" count="0" type="stmt"/>
      <line num="24" count="1" type="stmt"/>
      <line num="25" count="28" type="cond" truecount="1" falsecount="1"/>
      <line num="26" count="28" type="stmt"/>
      <line num="31" count="1" type="cond" truecount="1" falsecount="1"/>
      <line num="32" count="0" type="stmt"/>
      <line num="33" count="0" type="stmt"/>
      <line num="34" count="0" type="cond" truecount="0" falsecount="2"/>
      <line num="35" count="0" type="stmt"/>
      <line num="36" count="0" type="stmt"/>
      <line num="38" count="0" type="cond" truecount="0" falsecount="2"/>
      <line num="39" count="0" type="stmt"/>
      <line num="40" count="0" type="stmt"/>
      <line num="46" count="0" type="stmt"/>
      <line num="47" count="0" type="stmt"/>
      <line num="48" count="0" type="stmt"/>
      <line num="49" count="0" type="cond" truecount="0" falsecount="2"/>
      <line num="50" count="0" type="stmt"/>
      <line num="53" count="0" type="stmt"/>
      <line num="59" count="1" type="cond" truecount="1" falsecount="1"/>
      <line num="60" count="0" type="stmt"/>
      <line num="72" count="1" type="stmt"/>
      <line num="78" count="1" type="stmt"/>
      <line num="86" count="1" type="stmt"/>
      <line num="94" count="1" type="stmt"/>
      <line num="95" count="1" type="stmt"/>
      <line num="96" count="1" type="stmt"/>
      <line num="114" count="1" type="stmt"/>
      <line num="118" count="2" type="cond" truecount="1" falsecount="1"/>
      <line num="119" count="0" type="stmt"/>
      <line num="121" count="2" type="stmt"/>
      <line num="128" count="0" type="stmt"/>
      <line num="129" count="0" type="cond" truecount="0" falsecount="2"/>
      <line num="131" count="0" type="stmt"/>
      <line num="132" count="0" type="cond" truecount="0" falsecount="2"/>
      <line num="136" count="0" type="stmt"/>
      <line num="140" count="0" type="stmt"/>
      <line num="141" count="0" type="cond" truecount="0" falsecount="2"/>
      <line num="142" count="0" type="stmt"/>
      <line num="148" count="1" type="stmt"/>
      <line num="155" count="10" type="stmt"/>
      <line num="156" count="10" type="stmt"/>
      <line num="157" count="10" type="cond" truecount="2" falsecount="0"/>
      <line num="158" count="6" type="stmt"/>
      <line num="161" count="4" type="stmt"/>
      <line num="162" count="4" type="stmt"/>
      <line num="165" count="4" type="stmt"/>
      <line num="166" count="4" type="cond" truecount="2" falsecount="0"/>
      <line num="167" count="2" type="stmt"/>
      <line num="171" count="2" type="stmt"/>
      <line num="172" count="2" type="stmt"/>
      <line num="175" count="2" type="stmt"/>
      <line num="179" count="2" type="stmt"/>
      <line num="180" count="2" type="stmt"/>
      <line num="182" count="2" type="stmt"/>
      <line num="183" count="2" type="stmt"/>
      <line num="185" count="0" type="stmt"/>
      <line num="186" count="0" type="stmt"/>
      <line num="191" count="1" type="stmt"/>
      <line num="192" count="6" type="stmt"/>
      <line num="193" count="6" type="stmt"/>
      <line num="195" count="6" type="stmt"/>
      <line num="196" count="6" type="stmt"/>
      <line num="197" count="6" type="cond" truecount="2" falsecount="0"/>
      <line num="198" count="2" type="stmt"/>
      <line num="201" count="4" type="cond" truecount="1" falsecount="1"/>
      <line num="202" count="0" type="stmt"/>
      <line num="203" count="0" type="stmt"/>
      <line num="206" count="4" type="stmt"/>
      <line num="207" count="4" type="cond" truecount="2" falsecount="0"/>
      <line num="208" count="2" type="stmt"/>
      <line num="209" count="2" type="stmt"/>
      <line num="213" count="2" type="stmt"/>
      <line num="214" count="2" type="stmt"/>
      <line num="215" count="2" type="cond" truecount="1" falsecount="1"/>
      <line num="216" count="2" type="stmt"/>
      <line num="220" count="2" type="stmt"/>
      <line num="221" count="2" type="stmt"/>
      <line num="223" count="0" type="stmt"/>
      <line num="224" count="0" type="stmt"/>
      <line num="229" count="1" type="stmt"/>
      <line num="230" count="2" type="stmt"/>
      <line num="231" count="2" type="stmt"/>
      <line num="235" count="1" type="stmt"/>
      <line num="236" count="0" type="stmt"/>
      <line num="237" count="0" type="stmt"/>
      <line num="241" count="1" type="stmt"/>
      <line num="242" count="0" type="stmt"/>
      <line num="243" count="0" type="stmt"/>
      <line num="244" count="0" type="stmt"/>
      <line num="246" count="0" type="stmt"/>
      <line num="251" count="1" type="stmt"/>
      <line num="252" count="4" type="stmt"/>
      <line num="254" count="4" type="stmt"/>
      <line num="255" count="2" type="stmt"/>
      <line num="261" count="2" type="stmt"/>
      <line num="272" count="2" type="stmt"/>
      <line num="276" count="1" type="stmt"/>
      <line num="279" count="6" type="stmt"/>
      <line num="280" count="6" type="stmt"/>
      <line num="281" count="6" type="cond" truecount="2" falsecount="0"/>
      <line num="282" count="2" type="stmt"/>
      <line num="285" count="4" type="stmt"/>
      <line num="288" count="4" type="stmt"/>
      <line num="289" count="4" type="stmt"/>
      <line num="290" count="4" type="cond" truecount="2" falsecount="0"/>
      <line num="292" count="2" type="stmt"/>
      <line num="296" count="2" type="stmt"/>
      <line num="297" count="2" type="stmt"/>
      <line num="300" count="2" type="stmt"/>
      <line num="305" count="2" type="stmt"/>
      <line num="307" count="0" type="stmt"/>
      <line num="308" count="0" type="stmt"/>
      <line num="313" count="1" type="stmt"/>
      <line num="319" count="6" type="stmt"/>
      <line num="320" count="6" type="stmt"/>
      <line num="321" count="6" type="cond" truecount="2" falsecount="0"/>
      <line num="322" count="2" type="stmt"/>
      <line num="325" count="4" type="stmt"/>
      <line num="326" count="4" type="stmt"/>
      <line num="327" count="4" type="stmt"/>
      <line num="329" count="4" type="stmt"/>
      <line num="333" count="4" type="stmt"/>
      <line num="335" count="4" type="stmt"/>
      <line num="337" count="4" type="cond" truecount="1" falsecount="1"/>
      <line num="339" count="0" type="stmt"/>
      <line num="340" count="0" type="stmt"/>
      <line num="341" count="0" type="stmt"/>
      <line num="344" count="4" type="stmt"/>
      <line num="346" count="4" type="cond" truecount="2" falsecount="0"/>
      <line num="347" count="2" type="stmt"/>
      <line num="348" count="2" type="stmt"/>
      <line num="349" count="2" type="stmt"/>
      <line num="353" count="2" type="stmt"/>
      <line num="356" count="2" type="stmt"/>
      <line num="360" count="2" type="stmt"/>
      <line num="362" count="2" type="stmt"/>
      <line num="364" count="2" type="stmt"/>
      <line num="366" count="0" type="stmt"/>
      <line num="367" count="0" type="stmt"/>
      <line num="374" count="1" type="stmt"/>
      <line num="375" count="0" type="stmt"/>
      <line num="376" count="0" type="stmt"/>
      <line num="377" count="0" type="stmt"/>
      <line num="378" count="0" type="stmt"/>
      <line num="380" count="0" type="stmt"/>
      <line num="383" count="0" type="stmt"/>
      <line num="384" count="0" type="stmt"/>
      <line num="385" count="0" type="stmt"/>
      <line num="388" count="0" type="stmt"/>
      <line num="389" count="0" type="stmt"/>
      <line num="391" count="0" type="stmt"/>
      <line num="395" count="0" type="stmt"/>
      <line num="398" count="0" type="stmt"/>
      <line num="402" count="0" type="stmt"/>
      <line num="405" count="0" type="stmt"/>
      <line num="406" count="0" type="stmt"/>
      <line num="407" count="0" type="stmt"/>
      <line num="409" count="0" type="stmt"/>
      <line num="410" count="0" type="stmt"/>
      <line num="413" count="0" type="stmt"/>
      <line num="414" count="0" type="stmt"/>
      <line num="415" count="0" type="stmt"/>
      <line num="416" count="0" type="stmt"/>
      <line num="418" count="0" type="stmt"/>
      <line num="420" count="0" type="stmt"/>
      <line num="429" count="0" type="stmt"/>
      <line num="430" count="0" type="stmt"/>
      <line num="434" count="0" type="stmt"/>
      <line num="435" count="0" type="stmt"/>
      <line num="440" count="1" type="stmt"/>
      <line num="441" count="0" type="stmt"/>
      <line num="442" count="0" type="stmt"/>
      <line num="443" count="0" type="stmt"/>
      <line num="445" count="0" type="cond" truecount="0" falsecount="2"/>
      <line num="446" count="0" type="stmt"/>
      <line num="449" count="0" type="stmt"/>
      <line num="453" count="0" type="stmt"/>
      <line num="455" count="0" type="stmt"/>
      <line num="456" count="0" type="stmt"/>
      <line num="461" count="1" type="stmt"/>
      <line num="462" count="0" type="stmt"/>
      <line num="463" count="0" type="stmt"/>
      <line num="464" count="0" type="stmt"/>
      <line num="466" count="0" type="cond" truecount="0" falsecount="2"/>
      <line num="467" count="0" type="stmt"/>
      <line num="470" count="0" type="stmt"/>
      <line num="471" count="0" type="stmt"/>
      <line num="473" count="0" type="stmt"/>
      <line num="474" count="0" type="stmt"/>
      <line num="481" count="1" type="stmt"/>
      <line num="482" count="0" type="stmt"/>
      <line num="483" count="0" type="stmt"/>
      <line num="484" count="0" type="stmt"/>
      <line num="486" count="0" type="cond" truecount="0" falsecount="2"/>
      <line num="487" count="0" type="stmt"/>
      <line num="490" count="0" type="stmt"/>
      <line num="494" count="0" type="stmt"/>
      <line num="496" count="0" type="stmt"/>
      <line num="497" count="0" type="stmt"/>
      <line num="502" count="1" type="stmt"/>
      <line num="503" count="0" type="stmt"/>
      <line num="504" count="0" type="stmt"/>
      <line num="505" count="0" type="stmt"/>
      <line num="507" count="0" type="cond" truecount="0" falsecount="2"/>
      <line num="508" count="0" type="stmt"/>
      <line num="511" count="0" type="stmt"/>
      <line num="512" count="0" type="stmt"/>
      <line num="514" count="0" type="stmt"/>
      <line num="515" count="0" type="stmt"/>
      <line num="521" count="0" type="stmt"/>
      <line num="522" count="0" type="stmt"/>
      <line num="524" count="0" type="stmt"/>
      <line num="525" count="0" type="stmt"/>
      <line num="530" count="1" type="cond" truecount="2" falsecount="2"/>
      <line num="531" count="0" type="stmt"/>
      <line num="532" count="0" type="stmt"/>
      <line num="533" count="0" type="stmt"/>
      <line num="538" count="1" type="stmt"/>
    </file>
  </project>
</coverage>
