{"/Users/stephentyrrell/Documents/Code/office-tracker/calendar.js": {"path":"/Users/stephentyrrell/Documents/Code/office-tracker/calendar.js","statementMap":{"0":{"start":{"line":6,"column":12},"end":{"line":6,"column":21}},"1":{"start":{"line":7,"column":12},"end":{"line":7,"column":34}},"2":{"start":{"line":8,"column":12},"end":{"line":8,"column":22}},"3":{"start":{"line":9,"column":12},"end":{"line":9,"column":29}},"4":{"start":{"line":10,"column":12},"end":{"line":10,"column":17}},"5":{"start":{"line":11,"column":12},"end":{"line":11,"column":36}},"6":{"start":{"line":12,"column":12},"end":{"line":12,"column":39}},"7":{"start":{"line":13,"column":12},"end":{"line":13,"column":42}},"8":{"start":{"line":14,"column":12},"end":{"line":14,"column":29}},"9":{"start":{"line":15,"column":12},"end":{"line":15,"column":17}},"10":{"start":{"line":16,"column":12},"end":{"line":16,"column":44}},"11":{"start":{"line":17,"column":12},"end":{"line":17,"column":51}},"12":{"start":{"line":18,"column":16},"end":{"line":18,"column":54}},"13":{"start":{"line":19,"column":14},"end":{"line":19,"column":46}},"14":{"start":{"line":20,"column":2},"end":{"line":20,"column":40}},"15":{"start":{"line":24,"column":19},"end":{"line":24,"column":21}},"16":{"start":{"line":27,"column":2},"end":{"line":27,"column":38}},"17":{"start":{"line":28,"column":2},"end":{"line":28,"column":39}},"18":{"start":{"line":29,"column":2},"end":{"line":29,"column":40}},"19":{"start":{"line":30,"column":2},"end":{"line":30,"column":40}},"20":{"start":{"line":33,"column":17},"end":{"line":33,"column":38}},"21":{"start":{"line":34,"column":23},"end":{"line":34,"column":39}},"22":{"start":{"line":35,"column":2},"end":{"line":35,"column":45}},"23":{"start":{"line":36,"column":2},"end":{"line":36,"column":30}},"24":{"start":{"line":39,"column":2},"end":{"line":39,"column":53}},"25":{"start":{"line":40,"column":2},"end":{"line":40,"column":53}},"26":{"start":{"line":41,"column":2},"end":{"line":41,"column":53}},"27":{"start":{"line":42,"column":2},"end":{"line":42,"column":53}},"28":{"start":{"line":43,"column":2},"end":{"line":43,"column":53}},"29":{"start":{"line":45,"column":2},"end":{"line":45,"column":18}},"30":{"start":{"line":50,"column":19},"end":{"line":50,"column":43}},"31":{"start":{"line":51,"column":23},"end":{"line":51,"column":40}},"32":{"start":{"line":52,"column":13},"end":{"line":52,"column":35}},"33":{"start":{"line":53,"column":2},"end":{"line":53,"column":26}},"34":{"start":{"line":53,"column":16},"end":{"line":53,"column":26}},"35":{"start":{"line":54,"column":15},"end":{"line":54,"column":37}},"36":{"start":{"line":55,"column":2},"end":{"line":55,"column":37}},"37":{"start":{"line":59,"column":14},"end":{"line":59,"column":27}},"38":{"start":{"line":60,"column":2},"end":{"line":60,"column":32}},"39":{"start":{"line":64,"column":18},"end":{"line":64,"column":50}},"40":{"start":{"line":65,"column":2},"end":{"line":65,"column":83}},"41":{"start":{"line":65,"column":34},"end":{"line":65,"column":81}},"42":{"start":{"line":69,"column":19},"end":{"line":69,"column":47}},"43":{"start":{"line":70,"column":22},"end":{"line":70,"column":24}},"44":{"start":{"line":72,"column":19},"end":{"line":72,"column":43}},"45":{"start":{"line":73,"column":18},"end":{"line":73,"column":46}},"46":{"start":{"line":75,"column":2},"end":{"line":80,"column":3}},"47":{"start":{"line":75,"column":18},"end":{"line":75,"column":36}},"48":{"start":{"line":76,"column":24},"end":{"line":76,"column":38}},"49":{"start":{"line":77,"column":4},"end":{"line":79,"column":5}},"50":{"start":{"line":78,"column":6},"end":{"line":78,"column":46}},"51":{"start":{"line":82,"column":2},"end":{"line":82,"column":21}},"52":{"start":{"line":86,"column":2},"end":{"line":86,"column":42}},"53":{"start":{"line":89,"column":0},"end":{"line":95,"column":2}}},"fnMap":{"0":{"name":"getEasterSunday","decl":{"start":{"line":4,"column":9},"end":{"line":4,"column":24}},"loc":{"start":{"line":4,"column":31},"end":{"line":21,"column":1}},"line":4},"1":{"name":"getIrishPublicHolidays","decl":{"start":{"line":23,"column":9},"end":{"line":23,"column":31}},"loc":{"start":{"line":23,"column":38},"end":{"line":46,"column":1}},"line":23},"2":{"name":"getNthWeekdayOfMonth","decl":{"start":{"line":48,"column":9},"end":{"line":48,"column":29}},"loc":{"start":{"line":48,"column":55},"end":{"line":56,"column":1}},"line":48},"3":{"name":"isWeekend","decl":{"start":{"line":58,"column":9},"end":{"line":58,"column":18}},"loc":{"start":{"line":58,"column":25},"end":{"line":61,"column":1}},"line":58},"4":{"name":"isPublicHoliday","decl":{"start":{"line":63,"column":9},"end":{"line":63,"column":24}},"loc":{"start":{"line":63,"column":41},"end":{"line":66,"column":1}},"line":63},"5":{"name":"(anonymous_5)","decl":{"start":{"line":65,"column":23},"end":{"line":65,"column":24}},"loc":{"start":{"line":65,"column":34},"end":{"line":65,"column":81}},"line":65},"6":{"name":"getWorkingDays","decl":{"start":{"line":68,"column":9},"end":{"line":68,"column":23}},"loc":{"start":{"line":68,"column":37},"end":{"line":83,"column":1}},"line":68},"7":{"name":"formatDate","decl":{"start":{"line":85,"column":9},"end":{"line":85,"column":19}},"loc":{"start":{"line":85,"column":26},"end":{"line":87,"column":1}},"line":85}},"branchMap":{"0":{"loc":{"start":{"line":53,"column":2},"end":{"line":53,"column":26}},"type":"if","locations":[{"start":{"line":53,"column":2},"end":{"line":53,"column":26}},{"start":{},"end":{}}],"line":53},"1":{"loc":{"start":{"line":60,"column":9},"end":{"line":60,"column":31}},"type":"binary-expr","locations":[{"start":{"line":60,"column":9},"end":{"line":60,"column":18}},{"start":{"line":60,"column":22},"end":{"line":60,"column":31}}],"line":60},"2":{"loc":{"start":{"line":77,"column":4},"end":{"line":79,"column":5}},"type":"if","locations":[{"start":{"line":77,"column":4},"end":{"line":79,"column":5}},{"start":{},"end":{}}],"line":77},"3":{"loc":{"start":{"line":77,"column":8},"end":{"line":77,"column":74}},"type":"binary-expr","locations":[{"start":{"line":77,"column":8},"end":{"line":77,"column":31}},{"start":{"line":77,"column":35},"end":{"line":77,"column":74}}],"line":77}},"s":{"0":129,"1":129,"2":129,"3":129,"4":129,"5":129,"6":129,"7":129,"8":129,"9":129,"10":129,"11":129,"12":129,"13":129,"14":129,"15":129,"16":129,"17":129,"18":129,"19":129,"20":129,"21":129,"22":129,"23":129,"24":129,"25":129,"26":129,"27":129,"28":129,"29":129,"30":645,"31":645,"32":645,"33":645,"34":521,"35":645,"36":645,"37":3273,"38":3273,"39":2344,"40":2344,"41":22935,"42":106,"43":106,"44":106,"45":106,"46":106,"47":106,"48":3224,"49":3224,"50":2225,"51":106,"52":230,"53":3},"f":{"0":129,"1":129,"2":645,"3":3273,"4":2344,"5":22935,"6":106,"7":230},"b":{"0":[521,124],"1":[3273,2819],"2":[2225,999],"3":[3224,2319]},"_coverageSchema":"1a1c01bbd47fc00a2c39e90264f33305004495a9","hash":"f6f853382ef9def2f039d2ce93035f152532487b"}
,"/Users/stephentyrrell/Documents/Code/office-tracker/database.js": {"path":"/Users/stephentyrrell/Documents/Code/office-tracker/database.js","statementMap":{"0":{"start":{"line":1,"column":17},"end":{"line":1,"column":30}},"1":{"start":{"line":3,"column":25},"end":{"line":3,"column":49}},"2":{"start":{"line":5,"column":0},"end":{"line":7,"column":1}},"3":{"start":{"line":6,"column":2},"end":{"line":6,"column":66}},"4":{"start":{"line":9,"column":13},"end":{"line":12,"column":2}},"5":{"start":{"line":15,"column":2},"end":{"line":23,"column":5}},"6":{"start":{"line":25,"column":2},"end":{"line":33,"column":5}},"7":{"start":{"line":35,"column":2},"end":{"line":43,"column":5}},"8":{"start":{"line":45,"column":2},"end":{"line":53,"column":5}},"9":{"start":{"line":55,"column":2},"end":{"line":55,"column":81}},"10":{"start":{"line":56,"column":2},"end":{"line":56,"column":105}},"11":{"start":{"line":57,"column":2},"end":{"line":57,"column":107}},"12":{"start":{"line":58,"column":2},"end":{"line":58,"column":106}},"13":{"start":{"line":59,"column":2},"end":{"line":59,"column":113}},"14":{"start":{"line":61,"column":2},"end":{"line":61,"column":51}},"15":{"start":{"line":64,"column":0},"end":{"line":64,"column":40}}},"fnMap":{"0":{"name":"initDatabase","decl":{"start":{"line":14,"column":15},"end":{"line":14,"column":27}},"loc":{"start":{"line":14,"column":30},"end":{"line":62,"column":1}},"line":14}},"branchMap":{"0":{"loc":{"start":{"line":5,"column":0},"end":{"line":7,"column":1}},"type":"if","locations":[{"start":{"line":5,"column":0},"end":{"line":7,"column":1}},{"start":{},"end":{}}],"line":5},"1":{"loc":{"start":{"line":11,"column":7},"end":{"line":11,"column":84}},"type":"cond-expr","locations":[{"start":{"line":11,"column":47},"end":{"line":11,"column":76}},{"start":{"line":11,"column":79},"end":{"line":11,"column":84}}],"line":11}},"s":{"0":4,"1":4,"2":4,"3":1,"4":3,"5":0,"6":0,"7":0,"8":0,"9":0,"10":0,"11":0,"12":0,"13":0,"14":0,"15":3},"f":{"0":0},"b":{"0":[1,3],"1":[1,2]},"_coverageSchema":"1a1c01bbd47fc00a2c39e90264f33305004495a9","hash":"4aea7ec760b4c396512e2a3ce3ea4f48b3d55a24"}
,"/Users/stephentyrrell/Documents/Code/office-tracker/server.js": {"path":"/Users/stephentyrrell/Documents/Code/office-tracker/server.js","statementMap":{"0":{"start":{"line":1,"column":0},"end":{"line":1,"column":27}},"1":{"start":{"line":2,"column":16},"end":{"line":2,"column":34}},"2":{"start":{"line":3,"column":16},"end":{"line":3,"column":42}},"3":{"start":{"line":4,"column":19},"end":{"line":4,"column":41}},"4":{"start":{"line":5,"column":15},"end":{"line":5,"column":32}},"5":{"start":{"line":6,"column":15},"end":{"line":6,"column":32}},"6":{"start":{"line":7,"column":11},"end":{"line":7,"column":24}},"7":{"start":{"line":8,"column":13},"end":{"line":8,"column":28}},"8":{"start":{"line":9,"column":15},"end":{"line":9,"column":32}},"9":{"start":{"line":10,"column":18},"end":{"line":10,"column":47}},"10":{"start":{"line":11,"column":35},"end":{"line":11,"column":63}},"11":{"start":{"line":12,"column":18},"end":{"line":12,"column":55}},"12":{"start":{"line":13,"column":31},"end":{"line":13,"column":52}},"13":{"start":{"line":14,"column":63},"end":{"line":14,"column":84}},"14":{"start":{"line":16,"column":12},"end":{"line":16,"column":21}},"15":{"start":{"line":17,"column":13},"end":{"line":17,"column":37}},"16":{"start":{"line":19,"column":0},"end":{"line":21,"column":1}},"17":{"start":{"line":20,"column":2},"end":{"line":20,"column":28}},"18":{"start":{"line":24,"column":17},"end":{"line":28,"column":1}},"19":{"start":{"line":25,"column":2},"end":{"line":27,"column":3}},"20":{"start":{"line":26,"column":4},"end":{"line":26,"column":25}},"21":{"start":{"line":31,"column":0},"end":{"line":42,"column":1}},"22":{"start":{"line":32,"column":26},"end":{"line":32,"column":60}},"23":{"start":{"line":33,"column":18},"end":{"line":33,"column":72}},"24":{"start":{"line":33,"column":51},"end":{"line":33,"column":71}},"25":{"start":{"line":34,"column":2},"end":{"line":37,"column":3}},"26":{"start":{"line":35,"column":4},"end":{"line":35,"column":90}},"27":{"start":{"line":36,"column":4},"end":{"line":36,"column":20}},"28":{"start":{"line":38,"column":2},"end":{"line":41,"column":3}},"29":{"start":{"line":39,"column":4},"end":{"line":39,"column":92}},"30":{"start":{"line":40,"column":4},"end":{"line":40,"column":20}},"31":{"start":{"line":46,"column":2},"end":{"line":55,"column":21}},"32":{"start":{"line":47,"column":4},"end":{"line":54,"column":5}},"33":{"start":{"line":48,"column":21},"end":{"line":48,"column":99}},"34":{"start":{"line":49,"column":6},"end":{"line":51,"column":7}},"35":{"start":{"line":50,"column":8},"end":{"line":50,"column":87}},"36":{"start":{"line":53,"column":6},"end":{"line":53,"column":51}},"37":{"start":{"line":59,"column":0},"end":{"line":75,"column":1}},"38":{"start":{"line":60,"column":2},"end":{"line":69,"column":6}},"39":{"start":{"line":72,"column":2},"end":{"line":74,"column":6}},"40":{"start":{"line":78,"column":20},"end":{"line":84,"column":2}},"41":{"start":{"line":86,"column":19},"end":{"line":91,"column":2}},"42":{"start":{"line":94,"column":0},"end":{"line":94,"column":27}},"43":{"start":{"line":95,"column":0},"end":{"line":95,"column":51}},"44":{"start":{"line":96,"column":0},"end":{"line":111,"column":4}},"45":{"start":{"line":114,"column":0},"end":{"line":114,"column":56}},"46":{"start":{"line":118,"column":2},"end":{"line":122,"column":3}},"47":{"start":{"line":119,"column":4},"end":{"line":119,"column":11}},"48":{"start":{"line":121,"column":4},"end":{"line":121,"column":52}},"49":{"start":{"line":128,"column":16},"end":{"line":128,"column":37}},"50":{"start":{"line":129,"column":2},"end":{"line":129,"column":44}},"51":{"start":{"line":129,"column":31},"end":{"line":129,"column":44}},"52":{"start":{"line":131,"column":15},"end":{"line":131,"column":49}},"53":{"start":{"line":132,"column":2},"end":{"line":132,"column":46}},"54":{"start":{"line":136,"column":2},"end":{"line":136,"column":65}},"55":{"start":{"line":140,"column":25},"end":{"line":140,"column":46}},"56":{"start":{"line":141,"column":19},"end":{"line":141,"column":54}},"57":{"start":{"line":142,"column":2},"end":{"line":142,"column":73}},"58":{"start":{"line":148,"column":0},"end":{"line":188,"column":3}},"59":{"start":{"line":155,"column":2},"end":{"line":187,"column":3}},"60":{"start":{"line":156,"column":19},"end":{"line":156,"column":40}},"61":{"start":{"line":157,"column":4},"end":{"line":159,"column":5}},"62":{"start":{"line":158,"column":6},"end":{"line":158,"column":68}},"63":{"start":{"line":161,"column":38},"end":{"line":161,"column":46}},"64":{"start":{"line":162,"column":4},"end":{"line":162,"column":52}},"65":{"start":{"line":165,"column":31},"end":{"line":165,"column":97}},"66":{"start":{"line":166,"column":4},"end":{"line":168,"column":5}},"67":{"start":{"line":167,"column":6},"end":{"line":167,"column":73}},"68":{"start":{"line":171,"column":27},"end":{"line":171,"column":58}},"69":{"start":{"line":172,"column":4},"end":{"line":172,"column":75}},"70":{"start":{"line":175,"column":19},"end":{"line":178,"column":5}},"71":{"start":{"line":179,"column":19},"end":{"line":179,"column":36}},"72":{"start":{"line":180,"column":4},"end":{"line":180,"column":58}},"73":{"start":{"line":182,"column":4},"end":{"line":182,"column":32}},"74":{"start":{"line":183,"column":4},"end":{"line":183,"column":61}},"75":{"start":{"line":185,"column":4},"end":{"line":185,"column":48}},"76":{"start":{"line":186,"column":4},"end":{"line":186,"column":59}},"77":{"start":{"line":191,"column":0},"end":{"line":226,"column":3}},"78":{"start":{"line":192,"column":2},"end":{"line":225,"column":3}},"79":{"start":{"line":193,"column":32},"end":{"line":193,"column":40}},"80":{"start":{"line":195,"column":19},"end":{"line":195,"column":84}},"81":{"start":{"line":196,"column":17},"end":{"line":196,"column":31}},"82":{"start":{"line":197,"column":4},"end":{"line":199,"column":5}},"83":{"start":{"line":198,"column":6},"end":{"line":198,"column":68}},"84":{"start":{"line":201,"column":4},"end":{"line":204,"column":5}},"85":{"start":{"line":202,"column":6},"end":{"line":202,"column":65}},"86":{"start":{"line":203,"column":6},"end":{"line":203,"column":68}},"87":{"start":{"line":206,"column":26},"end":{"line":206,"column":71}},"88":{"start":{"line":207,"column":4},"end":{"line":210,"column":5}},"89":{"start":{"line":208,"column":6},"end":{"line":208,"column":61}},"90":{"start":{"line":209,"column":6},"end":{"line":209,"column":68}},"91":{"start":{"line":213,"column":4},"end":{"line":218,"column":7}},"92":{"start":{"line":214,"column":6},"end":{"line":217,"column":9}},"93":{"start":{"line":215,"column":8},"end":{"line":216,"column":23}},"94":{"start":{"line":215,"column":17},"end":{"line":215,"column":29}},"95":{"start":{"line":216,"column":13},"end":{"line":216,"column":23}},"96":{"start":{"line":220,"column":4},"end":{"line":220,"column":33}},"97":{"start":{"line":221,"column":4},"end":{"line":221,"column":80}},"98":{"start":{"line":223,"column":4},"end":{"line":223,"column":41}},"99":{"start":{"line":224,"column":4},"end":{"line":224,"column":52}},"100":{"start":{"line":229,"column":0},"end":{"line":232,"column":3}},"101":{"start":{"line":230,"column":2},"end":{"line":230,"column":24}},"102":{"start":{"line":231,"column":2},"end":{"line":231,"column":45}},"103":{"start":{"line":235,"column":0},"end":{"line":238,"column":3}},"104":{"start":{"line":236,"column":17},"end":{"line":236,"column":106}},"105":{"start":{"line":237,"column":2},"end":{"line":237,"column":27}},"106":{"start":{"line":241,"column":0},"end":{"line":248,"column":3}},"107":{"start":{"line":242,"column":2},"end":{"line":247,"column":3}},"108":{"start":{"line":243,"column":20},"end":{"line":243,"column":83}},"109":{"start":{"line":244,"column":4},"end":{"line":244,"column":26}},"110":{"start":{"line":246,"column":4},"end":{"line":246,"column":37}},"111":{"start":{"line":251,"column":0},"end":{"line":266,"column":3}},"112":{"start":{"line":252,"column":2},"end":{"line":265,"column":3}},"113":{"start":{"line":254,"column":4},"end":{"line":254,"column":33}},"114":{"start":{"line":255,"column":4},"end":{"line":259,"column":7}},"115":{"start":{"line":261,"column":4},"end":{"line":264,"column":7}},"116":{"start":{"line":272,"column":2},"end":{"line":272,"column":48}},"117":{"start":{"line":276,"column":0},"end":{"line":310,"column":3}},"118":{"start":{"line":279,"column":2},"end":{"line":309,"column":3}},"119":{"start":{"line":280,"column":19},"end":{"line":280,"column":40}},"120":{"start":{"line":281,"column":4},"end":{"line":283,"column":5}},"121":{"start":{"line":282,"column":6},"end":{"line":282,"column":69}},"122":{"start":{"line":285,"column":22},"end":{"line":285,"column":30}},"123":{"start":{"line":288,"column":23},"end":{"line":288,"column":89}},"124":{"start":{"line":289,"column":17},"end":{"line":289,"column":35}},"125":{"start":{"line":290,"column":4},"end":{"line":293,"column":5}},"126":{"start":{"line":292,"column":6},"end":{"line":292,"column":81}},"127":{"start":{"line":296,"column":18},"end":{"line":296,"column":38}},"128":{"start":{"line":297,"column":22},"end":{"line":297,"column":73}},"129":{"start":{"line":300,"column":4},"end":{"line":303,"column":6}},"130":{"start":{"line":305,"column":4},"end":{"line":305,"column":58}},"131":{"start":{"line":307,"column":4},"end":{"line":307,"column":58}},"132":{"start":{"line":308,"column":4},"end":{"line":308,"column":65}},"133":{"start":{"line":313,"column":0},"end":{"line":369,"column":3}},"134":{"start":{"line":319,"column":2},"end":{"line":368,"column":3}},"135":{"start":{"line":320,"column":19},"end":{"line":320,"column":40}},"136":{"start":{"line":321,"column":4},"end":{"line":323,"column":5}},"137":{"start":{"line":322,"column":6},"end":{"line":322,"column":68}},"138":{"start":{"line":325,"column":32},"end":{"line":325,"column":40}},"139":{"start":{"line":326,"column":4},"end":{"line":326,"column":79}},"140":{"start":{"line":327,"column":4},"end":{"line":327,"column":89}},"141":{"start":{"line":329,"column":30},"end":{"line":332,"column":5}},"142":{"start":{"line":333,"column":24},"end":{"line":333,"column":49}},"143":{"start":{"line":335,"column":4},"end":{"line":335,"column":70}},"144":{"start":{"line":337,"column":4},"end":{"line":342,"column":5}},"145":{"start":{"line":339,"column":31},"end":{"line":339,"column":102}},"146":{"start":{"line":340,"column":6},"end":{"line":340,"column":95}},"147":{"start":{"line":341,"column":6},"end":{"line":341,"column":73}},"148":{"start":{"line":344,"column":4},"end":{"line":344,"column":126}},"149":{"start":{"line":346,"column":4},"end":{"line":350,"column":5}},"150":{"start":{"line":347,"column":6},"end":{"line":347,"column":57}},"151":{"start":{"line":348,"column":6},"end":{"line":348,"column":92}},"152":{"start":{"line":349,"column":6},"end":{"line":349,"column":66}},"153":{"start":{"line":353,"column":27},"end":{"line":353,"column":58}},"154":{"start":{"line":356,"column":25},"end":{"line":359,"column":5}},"155":{"start":{"line":360,"column":4},"end":{"line":360,"column":126}},"156":{"start":{"line":362,"column":4},"end":{"line":362,"column":90}},"157":{"start":{"line":364,"column":4},"end":{"line":364,"column":55}},"158":{"start":{"line":366,"column":4},"end":{"line":366,"column":58}},"159":{"start":{"line":367,"column":4},"end":{"line":367,"column":64}},"160":{"start":{"line":374,"column":0},"end":{"line":437,"column":3}},"161":{"start":{"line":375,"column":2},"end":{"line":436,"column":3}},"162":{"start":{"line":376,"column":17},"end":{"line":376,"column":42}},"163":{"start":{"line":377,"column":18},"end":{"line":377,"column":48}},"164":{"start":{"line":378,"column":19},"end":{"line":378,"column":37}},"165":{"start":{"line":380,"column":4},"end":{"line":380,"column":92}},"166":{"start":{"line":383,"column":24},"end":{"line":383,"column":51}},"167":{"start":{"line":384,"column":29},"end":{"line":384,"column":47}},"168":{"start":{"line":385,"column":31},"end":{"line":385,"column":64}},"169":{"start":{"line":388,"column":23},"end":{"line":388,"column":53}},"170":{"start":{"line":389,"column":27},"end":{"line":389,"column":61}},"171":{"start":{"line":391,"column":34},"end":{"line":394,"column":5}},"172":{"start":{"line":395,"column":28},"end":{"line":395,"column":54}},"173":{"start":{"line":398,"column":29},"end":{"line":401,"column":5}},"174":{"start":{"line":402,"column":23},"end":{"line":402,"column":44}},"175":{"start":{"line":405,"column":29},"end":{"line":405,"column":70}},"176":{"start":{"line":405,"column":62},"end":{"line":405,"column":68}},"177":{"start":{"line":406,"column":30},"end":{"line":406,"column":71}},"178":{"start":{"line":407,"column":33},"end":{"line":407,"column":67}},"179":{"start":{"line":409,"column":28},"end":{"line":409,"column":45}},"180":{"start":{"line":410,"column":20},"end":{"line":410,"column":58}},"181":{"start":{"line":413,"column":27},"end":{"line":413,"column":55}},"182":{"start":{"line":414,"column":31},"end":{"line":416,"column":42}},"183":{"start":{"line":415,"column":25},"end":{"line":415,"column":53}},"184":{"start":{"line":416,"column":22},"end":{"line":416,"column":41}},"185":{"start":{"line":418,"column":4},"end":{"line":418,"column":120}},"186":{"start":{"line":420,"column":4},"end":{"line":432,"column":7}},"187":{"start":{"line":429,"column":39},"end":{"line":429,"column":67}},"188":{"start":{"line":430,"column":49},"end":{"line":430,"column":77}},"189":{"start":{"line":434,"column":4},"end":{"line":434,"column":66}},"190":{"start":{"line":435,"column":4},"end":{"line":435,"column":61}},"191":{"start":{"line":440,"column":0},"end":{"line":458,"column":3}},"192":{"start":{"line":441,"column":2},"end":{"line":457,"column":3}},"193":{"start":{"line":442,"column":21},"end":{"line":442,"column":29}},"194":{"start":{"line":443,"column":19},"end":{"line":443,"column":37}},"195":{"start":{"line":445,"column":4},"end":{"line":447,"column":5}},"196":{"start":{"line":446,"column":6},"end":{"line":446,"column":68}},"197":{"start":{"line":449,"column":4},"end":{"line":452,"column":6}},"198":{"start":{"line":453,"column":4},"end":{"line":453,"column":47}},"199":{"start":{"line":455,"column":4},"end":{"line":455,"column":46}},"200":{"start":{"line":456,"column":4},"end":{"line":456,"column":64}},"201":{"start":{"line":461,"column":0},"end":{"line":476,"column":3}},"202":{"start":{"line":462,"column":2},"end":{"line":475,"column":3}},"203":{"start":{"line":463,"column":21},"end":{"line":463,"column":31}},"204":{"start":{"line":464,"column":19},"end":{"line":464,"column":37}},"205":{"start":{"line":466,"column":4},"end":{"line":468,"column":5}},"206":{"start":{"line":467,"column":6},"end":{"line":467,"column":68}},"207":{"start":{"line":470,"column":4},"end":{"line":470,"column":97}},"208":{"start":{"line":471,"column":4},"end":{"line":471,"column":48}},"209":{"start":{"line":473,"column":4},"end":{"line":473,"column":53}},"210":{"start":{"line":474,"column":4},"end":{"line":474,"column":67}},"211":{"start":{"line":481,"column":0},"end":{"line":499,"column":3}},"212":{"start":{"line":482,"column":2},"end":{"line":498,"column":3}},"213":{"start":{"line":483,"column":21},"end":{"line":483,"column":29}},"214":{"start":{"line":484,"column":19},"end":{"line":484,"column":37}},"215":{"start":{"line":486,"column":4},"end":{"line":488,"column":5}},"216":{"start":{"line":487,"column":6},"end":{"line":487,"column":68}},"217":{"start":{"line":490,"column":4},"end":{"line":493,"column":6}},"218":{"start":{"line":494,"column":4},"end":{"line":494,"column":48}},"219":{"start":{"line":496,"column":4},"end":{"line":496,"column":48}},"220":{"start":{"line":497,"column":4},"end":{"line":497,"column":66}},"221":{"start":{"line":502,"column":0},"end":{"line":517,"column":3}},"222":{"start":{"line":503,"column":2},"end":{"line":516,"column":3}},"223":{"start":{"line":504,"column":21},"end":{"line":504,"column":31}},"224":{"start":{"line":505,"column":19},"end":{"line":505,"column":37}},"225":{"start":{"line":507,"column":4},"end":{"line":509,"column":5}},"226":{"start":{"line":508,"column":6},"end":{"line":508,"column":68}},"227":{"start":{"line":511,"column":4},"end":{"line":511,"column":98}},"228":{"start":{"line":512,"column":4},"end":{"line":512,"column":50}},"229":{"start":{"line":514,"column":4},"end":{"line":514,"column":55}},"230":{"start":{"line":515,"column":4},"end":{"line":515,"column":69}},"231":{"start":{"line":521,"column":2},"end":{"line":521,"column":23}},"232":{"start":{"line":522,"column":2},"end":{"line":522,"column":25}},"233":{"start":{"line":524,"column":2},"end":{"line":526,"column":5}},"234":{"start":{"line":525,"column":4},"end":{"line":525,"column":59}},"235":{"start":{"line":530,"column":0},"end":{"line":535,"column":1}},"236":{"start":{"line":531,"column":2},"end":{"line":534,"column":5}},"237":{"start":{"line":532,"column":4},"end":{"line":532,"column":52}},"238":{"start":{"line":533,"column":4},"end":{"line":533,"column":20}},"239":{"start":{"line":538,"column":0},"end":{"line":538,"column":21}}},"fnMap":{"0":{"name":"(anonymous_0)","decl":{"start":{"line":24,"column":17},"end":{"line":24,"column":18}},"loc":{"start":{"line":24,"column":30},"end":{"line":28,"column":1}},"line":24},"1":{"name":"(anonymous_1)","decl":{"start":{"line":33,"column":41},"end":{"line":33,"column":42}},"loc":{"start":{"line":33,"column":51},"end":{"line":33,"column":71}},"line":33},"2":{"name":"startTokenCleanupJob","decl":{"start":{"line":45,"column":9},"end":{"line":45,"column":29}},"loc":{"start":{"line":45,"column":32},"end":{"line":56,"column":1}},"line":45},"3":{"name":"(anonymous_3)","decl":{"start":{"line":46,"column":14},"end":{"line":46,"column":15}},"loc":{"start":{"line":46,"column":26},"end":{"line":55,"column":3}},"line":46},"4":{"name":"requireAuth","decl":{"start":{"line":117,"column":9},"end":{"line":117,"column":20}},"loc":{"start":{"line":117,"column":37},"end":{"line":123,"column":1}},"line":117},"5":{"name":"isValidDate","decl":{"start":{"line":127,"column":9},"end":{"line":127,"column":20}},"loc":{"start":{"line":127,"column":33},"end":{"line":133,"column":1}},"line":127},"6":{"name":"getMonthStartDate","decl":{"start":{"line":135,"column":9},"end":{"line":135,"column":26}},"loc":{"start":{"line":135,"column":45},"end":{"line":137,"column":1}},"line":135},"7":{"name":"getNextMonthStartDate","decl":{"start":{"line":139,"column":9},"end":{"line":139,"column":30}},"loc":{"start":{"line":139,"column":49},"end":{"line":143,"column":1}},"line":139},"8":{"name":"(anonymous_8)","decl":{"start":{"line":154,"column":3},"end":{"line":154,"column":4}},"loc":{"start":{"line":154,"column":23},"end":{"line":188,"column":1}},"line":154},"9":{"name":"(anonymous_9)","decl":{"start":{"line":191,"column":36},"end":{"line":191,"column":37}},"loc":{"start":{"line":191,"column":56},"end":{"line":226,"column":1}},"line":191},"10":{"name":"(anonymous_10)","decl":{"start":{"line":213,"column":22},"end":{"line":213,"column":23}},"loc":{"start":{"line":213,"column":43},"end":{"line":218,"column":5}},"line":213},"11":{"name":"(anonymous_11)","decl":{"start":{"line":214,"column":29},"end":{"line":214,"column":30}},"loc":{"start":{"line":214,"column":38},"end":{"line":217,"column":7}},"line":214},"12":{"name":"(anonymous_12)","decl":{"start":{"line":229,"column":24},"end":{"line":229,"column":25}},"loc":{"start":{"line":229,"column":38},"end":{"line":232,"column":1}},"line":229},"13":{"name":"(anonymous_13)","decl":{"start":{"line":235,"column":34},"end":{"line":235,"column":35}},"loc":{"start":{"line":235,"column":54},"end":{"line":238,"column":1}},"line":235},"14":{"name":"(anonymous_14)","decl":{"start":{"line":241,"column":24},"end":{"line":241,"column":25}},"loc":{"start":{"line":241,"column":38},"end":{"line":248,"column":1}},"line":241},"15":{"name":"(anonymous_15)","decl":{"start":{"line":251,"column":23},"end":{"line":251,"column":24}},"loc":{"start":{"line":251,"column":43},"end":{"line":266,"column":1}},"line":251},"16":{"name":"generateResetToken","decl":{"start":{"line":271,"column":9},"end":{"line":271,"column":27}},"loc":{"start":{"line":271,"column":30},"end":{"line":273,"column":1}},"line":271},"17":{"name":"(anonymous_17)","decl":{"start":{"line":278,"column":3},"end":{"line":278,"column":4}},"loc":{"start":{"line":278,"column":23},"end":{"line":310,"column":1}},"line":278},"18":{"name":"(anonymous_18)","decl":{"start":{"line":318,"column":3},"end":{"line":318,"column":4}},"loc":{"start":{"line":318,"column":23},"end":{"line":369,"column":1}},"line":318},"19":{"name":"(anonymous_19)","decl":{"start":{"line":374,"column":50},"end":{"line":374,"column":51}},"loc":{"start":{"line":374,"column":70},"end":{"line":437,"column":1}},"line":374},"20":{"name":"(anonymous_20)","decl":{"start":{"line":405,"column":57},"end":{"line":405,"column":58}},"loc":{"start":{"line":405,"column":62},"end":{"line":405,"column":68}},"line":405},"21":{"name":"(anonymous_21)","decl":{"start":{"line":415,"column":14},"end":{"line":415,"column":15}},"loc":{"start":{"line":415,"column":25},"end":{"line":415,"column":53}},"line":415},"22":{"name":"(anonymous_22)","decl":{"start":{"line":416,"column":11},"end":{"line":416,"column":12}},"loc":{"start":{"line":416,"column":22},"end":{"line":416,"column":41}},"line":416},"23":{"name":"(anonymous_23)","decl":{"start":{"line":429,"column":34},"end":{"line":429,"column":35}},"loc":{"start":{"line":429,"column":39},"end":{"line":429,"column":67}},"line":429},"24":{"name":"(anonymous_24)","decl":{"start":{"line":430,"column":44},"end":{"line":430,"column":45}},"loc":{"start":{"line":430,"column":49},"end":{"line":430,"column":77}},"line":430},"25":{"name":"(anonymous_25)","decl":{"start":{"line":440,"column":53},"end":{"line":440,"column":54}},"loc":{"start":{"line":440,"column":73},"end":{"line":458,"column":1}},"line":440},"26":{"name":"(anonymous_26)","decl":{"start":{"line":461,"column":61},"end":{"line":461,"column":62}},"loc":{"start":{"line":461,"column":81},"end":{"line":476,"column":1}},"line":461},"27":{"name":"(anonymous_27)","decl":{"start":{"line":481,"column":55},"end":{"line":481,"column":56}},"loc":{"start":{"line":481,"column":75},"end":{"line":499,"column":1}},"line":481},"28":{"name":"(anonymous_28)","decl":{"start":{"line":502,"column":63},"end":{"line":502,"column":64}},"loc":{"start":{"line":502,"column":83},"end":{"line":517,"column":1}},"line":502},"29":{"name":"startServer","decl":{"start":{"line":520,"column":15},"end":{"line":520,"column":26}},"loc":{"start":{"line":520,"column":29},"end":{"line":527,"column":1}},"line":520},"30":{"name":"(anonymous_30)","decl":{"start":{"line":524,"column":19},"end":{"line":524,"column":20}},"loc":{"start":{"line":524,"column":25},"end":{"line":526,"column":3}},"line":524},"31":{"name":"(anonymous_31)","decl":{"start":{"line":531,"column":22},"end":{"line":531,"column":23}},"loc":{"start":{"line":531,"column":31},"end":{"line":534,"column":3}},"line":531}},"branchMap":{"0":{"loc":{"start":{"line":17,"column":13},"end":{"line":17,"column":37}},"type":"binary-expr","locations":[{"start":{"line":17,"column":13},"end":{"line":17,"column":29}},{"start":{"line":17,"column":33},"end":{"line":17,"column":37}}],"line":17},"1":{"loc":{"start":{"line":19,"column":0},"end":{"line":21,"column":1}},"type":"if","locations":[{"start":{"line":19,"column":0},"end":{"line":21,"column":1}},{"start":{},"end":{}}],"line":19},"2":{"loc":{"start":{"line":25,"column":2},"end":{"line":27,"column":3}},"type":"if","locations":[{"start":{"line":25,"column":2},"end":{"line":27,"column":3}},{"start":{},"end":{}}],"line":25},"3":{"loc":{"start":{"line":31,"column":0},"end":{"line":42,"column":1}},"type":"if","locations":[{"start":{"line":31,"column":0},"end":{"line":42,"column":1}},{"start":{},"end":{}}],"line":31},"4":{"loc":{"start":{"line":34,"column":2},"end":{"line":37,"column":3}},"type":"if","locations":[{"start":{"line":34,"column":2},"end":{"line":37,"column":3}},{"start":{},"end":{}}],"line":34},"5":{"loc":{"start":{"line":38,"column":2},"end":{"line":41,"column":3}},"type":"if","locations":[{"start":{"line":38,"column":2},"end":{"line":41,"column":3}},{"start":{},"end":{}}],"line":38},"6":{"loc":{"start":{"line":49,"column":6},"end":{"line":51,"column":7}},"type":"if","locations":[{"start":{"line":49,"column":6},"end":{"line":51,"column":7}},{"start":{},"end":{}}],"line":49},"7":{"loc":{"start":{"line":59,"column":0},"end":{"line":75,"column":1}},"type":"if","locations":[{"start":{"line":59,"column":0},"end":{"line":75,"column":1}},{"start":{"line":70,"column":7},"end":{"line":75,"column":1}}],"line":59},"8":{"loc":{"start":{"line":102,"column":10},"end":{"line":102,"column":57}},"type":"binary-expr","locations":[{"start":{"line":102,"column":10},"end":{"line":102,"column":36}},{"start":{"line":102,"column":40},"end":{"line":102,"column":57}}],"line":102},"9":{"loc":{"start":{"line":118,"column":2},"end":{"line":122,"column":3}},"type":"if","locations":[{"start":{"line":118,"column":2},"end":{"line":122,"column":3}},{"start":{"line":120,"column":9},"end":{"line":122,"column":3}}],"line":118},"10":{"loc":{"start":{"line":129,"column":2},"end":{"line":129,"column":44}},"type":"if","locations":[{"start":{"line":129,"column":2},"end":{"line":129,"column":44}},{"start":{},"end":{}}],"line":129},"11":{"loc":{"start":{"line":132,"column":9},"end":{"line":132,"column":45}},"type":"binary-expr","locations":[{"start":{"line":132,"column":9},"end":{"line":132,"column":29}},{"start":{"line":132,"column":33},"end":{"line":132,"column":45}}],"line":132},"12":{"loc":{"start":{"line":141,"column":19},"end":{"line":141,"column":54}},"type":"cond-expr","locations":[{"start":{"line":141,"column":39},"end":{"line":141,"column":47}},{"start":{"line":141,"column":50},"end":{"line":141,"column":54}}],"line":141},"13":{"loc":{"start":{"line":157,"column":4},"end":{"line":159,"column":5}},"type":"if","locations":[{"start":{"line":157,"column":4},"end":{"line":159,"column":5}},{"start":{},"end":{}}],"line":157},"14":{"loc":{"start":{"line":166,"column":4},"end":{"line":168,"column":5}},"type":"if","locations":[{"start":{"line":166,"column":4},"end":{"line":168,"column":5}},{"start":{},"end":{}}],"line":166},"15":{"loc":{"start":{"line":197,"column":4},"end":{"line":199,"column":5}},"type":"if","locations":[{"start":{"line":197,"column":4},"end":{"line":199,"column":5}},{"start":{},"end":{}}],"line":197},"16":{"loc":{"start":{"line":201,"column":4},"end":{"line":204,"column":5}},"type":"if","locations":[{"start":{"line":201,"column":4},"end":{"line":204,"column":5}},{"start":{},"end":{}}],"line":201},"17":{"loc":{"start":{"line":207,"column":4},"end":{"line":210,"column":5}},"type":"if","locations":[{"start":{"line":207,"column":4},"end":{"line":210,"column":5}},{"start":{},"end":{}}],"line":207},"18":{"loc":{"start":{"line":215,"column":8},"end":{"line":216,"column":23}},"type":"if","locations":[{"start":{"line":215,"column":8},"end":{"line":216,"column":23}},{"start":{"line":216,"column":13},"end":{"line":216,"column":23}}],"line":215},"19":{"loc":{"start":{"line":281,"column":4},"end":{"line":283,"column":5}},"type":"if","locations":[{"start":{"line":281,"column":4},"end":{"line":283,"column":5}},{"start":{},"end":{}}],"line":281},"20":{"loc":{"start":{"line":290,"column":4},"end":{"line":293,"column":5}},"type":"if","locations":[{"start":{"line":290,"column":4},"end":{"line":293,"column":5}},{"start":{},"end":{}}],"line":290},"21":{"loc":{"start":{"line":321,"column":4},"end":{"line":323,"column":5}},"type":"if","locations":[{"start":{"line":321,"column":4},"end":{"line":323,"column":5}},{"start":{},"end":{}}],"line":321},"22":{"loc":{"start":{"line":337,"column":4},"end":{"line":342,"column":5}},"type":"if","locations":[{"start":{"line":337,"column":4},"end":{"line":342,"column":5}},{"start":{},"end":{}}],"line":337},"23":{"loc":{"start":{"line":346,"column":4},"end":{"line":350,"column":5}},"type":"if","locations":[{"start":{"line":346,"column":4},"end":{"line":350,"column":5}},{"start":{},"end":{}}],"line":346},"24":{"loc":{"start":{"line":445,"column":4},"end":{"line":447,"column":5}},"type":"if","locations":[{"start":{"line":445,"column":4},"end":{"line":447,"column":5}},{"start":{},"end":{}}],"line":445},"25":{"loc":{"start":{"line":466,"column":4},"end":{"line":468,"column":5}},"type":"if","locations":[{"start":{"line":466,"column":4},"end":{"line":468,"column":5}},{"start":{},"end":{}}],"line":466},"26":{"loc":{"start":{"line":486,"column":4},"end":{"line":488,"column":5}},"type":"if","locations":[{"start":{"line":486,"column":4},"end":{"line":488,"column":5}},{"start":{},"end":{}}],"line":486},"27":{"loc":{"start":{"line":507,"column":4},"end":{"line":509,"column":5}},"type":"if","locations":[{"start":{"line":507,"column":4},"end":{"line":509,"column":5}},{"start":{},"end":{}}],"line":507},"28":{"loc":{"start":{"line":530,"column":0},"end":{"line":535,"column":1}},"type":"if","locations":[{"start":{"line":530,"column":0},"end":{"line":535,"column":1}},{"start":{},"end":{}}],"line":530},"29":{"loc":{"start":{"line":530,"column":4},"end":{"line":530,"column":62}},"type":"binary-expr","locations":[{"start":{"line":530,"column":4},"end":{"line":530,"column":35}},{"start":{"line":530,"column":39},"end":{"line":530,"column":62}}],"line":530}},"s":{"0":1,"1":1,"2":1,"3":1,"4":1,"5":1,"6":1,"7":1,"8":1,"9":1,"10":1,"11":1,"12":1,"13":1,"14":1,"15":1,"16":1,"17":0,"18":1,"19":28,"20":28,"21":1,"22":0,"23":0,"24":0,"25":0,"26":0,"27":0,"28":0,"29":0,"30":0,"31":0,"32":0,"33":0,"34":0,"35":0,"36":0,"37":1,"38":0,"39":1,"40":1,"41":1,"42":1,"43":1,"44":1,"45":1,"46":2,"47":0,"48":2,"49":0,"50":0,"51":0,"52":0,"53":0,"54":0,"55":0,"56":0,"57":0,"58":1,"59":10,"60":10,"61":10,"62":6,"63":4,"64":4,"65":4,"66":4,"67":2,"68":2,"69":2,"70":2,"71":2,"72":2,"73":2,"74":2,"75":0,"76":0,"77":1,"78":6,"79":6,"80":6,"81":6,"82":6,"83":2,"84":4,"85":0,"86":0,"87":4,"88":4,"89":2,"90":2,"91":2,"92":2,"93":2,"94":0,"95":2,"96":2,"97":2,"98":0,"99":0,"100":1,"101":2,"102":2,"103":1,"104":0,"105":0,"106":1,"107":0,"108":0,"109":0,"110":0,"111":1,"112":4,"113":4,"114":2,"115":2,"116":2,"117":1,"118":6,"119":6,"120":6,"121":2,"122":4,"123":4,"124":4,"125":4,"126":2,"127":2,"128":2,"129":2,"130":2,"131":0,"132":0,"133":1,"134":6,"135":6,"136":6,"137":2,"138":4,"139":4,"140":4,"141":4,"142":4,"143":4,"144":4,"145":0,"146":0,"147":0,"148":4,"149":4,"150":2,"151":2,"152":2,"153":2,"154":2,"155":2,"156":2,"157":2,"158":0,"159":0,"160":1,"161":0,"162":0,"163":0,"164":0,"165":0,"166":0,"167":0,"168":0,"169":0,"170":0,"171":0,"172":0,"173":0,"174":0,"175":0,"176":0,"177":0,"178":0,"179":0,"180":0,"181":0,"182":0,"183":0,"184":0,"185":0,"186":0,"187":0,"188":0,"189":0,"190":0,"191":1,"192":0,"193":0,"194":0,"195":0,"196":0,"197":0,"198":0,"199":0,"200":0,"201":1,"202":0,"203":0,"204":0,"205":0,"206":0,"207":0,"208":0,"209":0,"210":0,"211":1,"212":0,"213":0,"214":0,"215":0,"216":0,"217":0,"218":0,"219":0,"220":0,"221":1,"222":0,"223":0,"224":0,"225":0,"226":0,"227":0,"228":0,"229":0,"230":0,"231":0,"232":0,"233":0,"234":0,"235":1,"236":0,"237":0,"238":0,"239":1},"f":{"0":28,"1":0,"2":0,"3":0,"4":2,"5":0,"6":0,"7":0,"8":10,"9":6,"10":2,"11":2,"12":2,"13":0,"14":0,"15":4,"16":2,"17":6,"18":6,"19":0,"20":0,"21":0,"22":0,"23":0,"24":0,"25":0,"26":0,"27":0,"28":0,"29":0,"30":0,"31":0},"b":{"0":[1,0],"1":[0,1],"2":[28,0],"3":[0,1],"4":[0,0],"5":[0,0],"6":[0,0],"7":[0,1],"8":[1,0],"9":[0,2],"10":[0,0],"11":[0,0],"12":[0,0],"13":[6,4],"14":[2,2],"15":[2,4],"16":[0,4],"17":[2,2],"18":[0,2],"19":[2,4],"20":[2,2],"21":[2,4],"22":[0,4],"23":[2,2],"24":[0,0],"25":[0,0],"26":[0,0],"27":[0,0],"28":[0,1],"29":[1,0]},"_coverageSchema":"1a1c01bbd47fc00a2c39e90264f33305004495a9","hash":"dfe8b554784c1772f7d831c74c31c4ac9db11528"}
}
