TN:
SF:calendar.js
FN:4,getEasterSunday
FN:23,getIrishPublicHolidays
FN:48,getNthWeekdayOfMonth
FN:58,isWeekend
FN:63,isPublicHoliday
FN:65,(anonymous_5)
FN:68,getWorkingDays
FN:85,formatDate
FNF:8
FNH:8
FNDA:129,getEasterSunday
FNDA:129,getIrishPublicHolidays
FNDA:645,getNthWeekdayOfMonth
FNDA:3273,isWeekend
FNDA:2344,isPublicHoliday
FNDA:22935,(anonymous_5)
FNDA:106,getWorkingDays
FNDA:230,formatDate
DA:6,129
DA:7,129
DA:8,129
DA:9,129
DA:10,129
DA:11,129
DA:12,129
DA:13,129
DA:14,129
DA:15,129
DA:16,129
DA:17,129
DA:18,129
DA:19,129
DA:20,129
DA:24,129
DA:27,129
DA:28,129
DA:29,129
DA:30,129
DA:33,129
DA:34,129
DA:35,129
DA:36,129
DA:39,129
DA:40,129
DA:41,129
DA:42,129
DA:43,129
DA:45,129
DA:50,645
DA:51,645
DA:52,645
DA:53,645
DA:54,645
DA:55,645
DA:59,3273
DA:60,3273
DA:64,2344
DA:65,22935
DA:69,106
DA:70,106
DA:72,106
DA:73,106
DA:75,106
DA:76,3224
DA:77,3224
DA:78,2225
DA:82,106
DA:86,230
DA:89,3
LF:51
LH:51
BRDA:53,0,0,521
BRDA:53,0,1,124
BRDA:60,1,0,3273
BRDA:60,1,1,2819
BRDA:77,2,0,2225
BRDA:77,2,1,999
BRDA:77,3,0,3224
BRDA:77,3,1,2319
BRF:8
BRH:8
end_of_record
TN:
SF:database.js
FN:14,initDatabase
FNF:1
FNH:0
FNDA:0,initDatabase
DA:1,4
DA:3,4
DA:5,4
DA:6,1
DA:9,3
DA:15,0
DA:25,0
DA:35,0
DA:45,0
DA:55,0
DA:56,0
DA:57,0
DA:58,0
DA:59,0
DA:61,0
DA:64,3
LF:16
LH:6
BRDA:5,0,0,1
BRDA:5,0,1,3
BRDA:11,1,0,1
BRDA:11,1,1,2
BRF:4
BRH:4
end_of_record
TN:
SF:server.js
FN:24,(anonymous_0)
FN:33,(anonymous_1)
FN:45,startTokenCleanupJob
FN:46,(anonymous_3)
FN:117,requireAuth
FN:127,isValidDate
FN:135,getMonthStartDate
FN:139,getNextMonthStartDate
FN:154,(anonymous_8)
FN:191,(anonymous_9)
FN:213,(anonymous_10)
FN:214,(anonymous_11)
FN:229,(anonymous_12)
FN:235,(anonymous_13)
FN:241,(anonymous_14)
FN:251,(anonymous_15)
FN:271,generateResetToken
FN:278,(anonymous_17)
FN:318,(anonymous_18)
FN:374,(anonymous_19)
FN:405,(anonymous_20)
FN:415,(anonymous_21)
FN:416,(anonymous_22)
FN:429,(anonymous_23)
FN:430,(anonymous_24)
FN:440,(anonymous_25)
FN:461,(anonymous_26)
FN:481,(anonymous_27)
FN:502,(anonymous_28)
FN:520,startServer
FN:524,(anonymous_30)
FN:531,(anonymous_31)
FNF:32
FNH:11
FNDA:28,(anonymous_0)
FNDA:0,(anonymous_1)
FNDA:0,startTokenCleanupJob
FNDA:0,(anonymous_3)
FNDA:2,requireAuth
FNDA:0,isValidDate
FNDA:0,getMonthStartDate
FNDA:0,getNextMonthStartDate
FNDA:10,(anonymous_8)
FNDA:6,(anonymous_9)
FNDA:2,(anonymous_10)
FNDA:2,(anonymous_11)
FNDA:2,(anonymous_12)
FNDA:0,(anonymous_13)
FNDA:0,(anonymous_14)
FNDA:4,(anonymous_15)
FNDA:2,generateResetToken
FNDA:6,(anonymous_17)
FNDA:6,(anonymous_18)
FNDA:0,(anonymous_19)
FNDA:0,(anonymous_20)
FNDA:0,(anonymous_21)
FNDA:0,(anonymous_22)
FNDA:0,(anonymous_23)
FNDA:0,(anonymous_24)
FNDA:0,(anonymous_25)
FNDA:0,(anonymous_26)
FNDA:0,(anonymous_27)
FNDA:0,(anonymous_28)
FNDA:0,startServer
FNDA:0,(anonymous_30)
FNDA:0,(anonymous_31)
DA:1,1
DA:2,1
DA:3,1
DA:4,1
DA:5,1
DA:6,1
DA:7,1
DA:8,1
DA:9,1
DA:10,1
DA:11,1
DA:12,1
DA:13,1
DA:14,1
DA:16,1
DA:17,1
DA:19,1
DA:20,0
DA:24,1
DA:25,28
DA:26,28
DA:31,1
DA:32,0
DA:33,0
DA:34,0
DA:35,0
DA:36,0
DA:38,0
DA:39,0
DA:40,0
DA:46,0
DA:47,0
DA:48,0
DA:49,0
DA:50,0
DA:53,0
DA:59,1
DA:60,0
DA:72,1
DA:78,1
DA:86,1
DA:94,1
DA:95,1
DA:96,1
DA:114,1
DA:118,2
DA:119,0
DA:121,2
DA:128,0
DA:129,0
DA:131,0
DA:132,0
DA:136,0
DA:140,0
DA:141,0
DA:142,0
DA:148,1
DA:155,10
DA:156,10
DA:157,10
DA:158,6
DA:161,4
DA:162,4
DA:165,4
DA:166,4
DA:167,2
DA:171,2
DA:172,2
DA:175,2
DA:179,2
DA:180,2
DA:182,2
DA:183,2
DA:185,0
DA:186,0
DA:191,1
DA:192,6
DA:193,6
DA:195,6
DA:196,6
DA:197,6
DA:198,2
DA:201,4
DA:202,0
DA:203,0
DA:206,4
DA:207,4
DA:208,2
DA:209,2
DA:213,2
DA:214,2
DA:215,2
DA:216,2
DA:220,2
DA:221,2
DA:223,0
DA:224,0
DA:229,1
DA:230,2
DA:231,2
DA:235,1
DA:236,0
DA:237,0
DA:241,1
DA:242,0
DA:243,0
DA:244,0
DA:246,0
DA:251,1
DA:252,4
DA:254,4
DA:255,2
DA:261,2
DA:272,2
DA:276,1
DA:279,6
DA:280,6
DA:281,6
DA:282,2
DA:285,4
DA:288,4
DA:289,4
DA:290,4
DA:292,2
DA:296,2
DA:297,2
DA:300,2
DA:305,2
DA:307,0
DA:308,0
DA:313,1
DA:319,6
DA:320,6
DA:321,6
DA:322,2
DA:325,4
DA:326,4
DA:327,4
DA:329,4
DA:333,4
DA:335,4
DA:337,4
DA:339,0
DA:340,0
DA:341,0
DA:344,4
DA:346,4
DA:347,2
DA:348,2
DA:349,2
DA:353,2
DA:356,2
DA:360,2
DA:362,2
DA:364,2
DA:366,0
DA:367,0
DA:374,1
DA:375,0
DA:376,0
DA:377,0
DA:378,0
DA:380,0
DA:383,0
DA:384,0
DA:385,0
DA:388,0
DA:389,0
DA:391,0
DA:395,0
DA:398,0
DA:402,0
DA:405,0
DA:406,0
DA:407,0
DA:409,0
DA:410,0
DA:413,0
DA:414,0
DA:415,0
DA:416,0
DA:418,0
DA:420,0
DA:429,0
DA:430,0
DA:434,0
DA:435,0
DA:440,1
DA:441,0
DA:442,0
DA:443,0
DA:445,0
DA:446,0
DA:449,0
DA:453,0
DA:455,0
DA:456,0
DA:461,1
DA:462,0
DA:463,0
DA:464,0
DA:466,0
DA:467,0
DA:470,0
DA:471,0
DA:473,0
DA:474,0
DA:481,1
DA:482,0
DA:483,0
DA:484,0
DA:486,0
DA:487,0
DA:490,0
DA:494,0
DA:496,0
DA:497,0
DA:502,1
DA:503,0
DA:504,0
DA:505,0
DA:507,0
DA:508,0
DA:511,0
DA:512,0
DA:514,0
DA:515,0
DA:521,0
DA:522,0
DA:524,0
DA:525,0
DA:530,1
DA:531,0
DA:532,0
DA:533,0
DA:538,1
LF:236
LH:120
BRDA:17,0,0,1
BRDA:17,0,1,0
BRDA:19,1,0,0
BRDA:19,1,1,1
BRDA:25,2,0,28
BRDA:25,2,1,0
BRDA:31,3,0,0
BRDA:31,3,1,1
BRDA:34,4,0,0
BRDA:34,4,1,0
BRDA:38,5,0,0
BRDA:38,5,1,0
BRDA:49,6,0,0
BRDA:49,6,1,0
BRDA:59,7,0,0
BRDA:59,7,1,1
BRDA:102,8,0,1
BRDA:102,8,1,0
BRDA:118,9,0,0
BRDA:118,9,1,2
BRDA:129,10,0,0
BRDA:129,10,1,0
BRDA:132,11,0,0
BRDA:132,11,1,0
BRDA:141,12,0,0
BRDA:141,12,1,0
BRDA:157,13,0,6
BRDA:157,13,1,4
BRDA:166,14,0,2
BRDA:166,14,1,2
BRDA:197,15,0,2
BRDA:197,15,1,4
BRDA:201,16,0,0
BRDA:201,16,1,4
BRDA:207,17,0,2
BRDA:207,17,1,2
BRDA:215,18,0,0
BRDA:215,18,1,2
BRDA:281,19,0,2
BRDA:281,19,1,4
BRDA:290,20,0,2
BRDA:290,20,1,2
BRDA:321,21,0,2
BRDA:321,21,1,4
BRDA:337,22,0,0
BRDA:337,22,1,4
BRDA:346,23,0,2
BRDA:346,23,1,2
BRDA:445,24,0,0
BRDA:445,24,1,0
BRDA:466,25,0,0
BRDA:466,25,1,0
BRDA:486,26,0,0
BRDA:486,26,1,0
BRDA:507,27,0,0
BRDA:507,27,1,0
BRDA:530,28,0,0
BRDA:530,28,1,1
BRDA:530,29,0,1
BRDA:530,29,1,0
BRF:60
BRH:28
end_of_record
